d:\wms cardiff\übungsprojekte\consoleapplication1\consoleapplication1\debug\vc142.pdb
d:\wms cardiff\übungsprojekte\consoleapplication1\consoleapplication1\debug\vc142.idb
d:\wms cardiff\übungsprojekte\consoleapplication1\consoleapplication1\debug\triangle.obj
d:\wms cardiff\übungsprojekte\consoleapplication1\consoleapplication1\debug\shape.obj
d:\wms cardiff\übungsprojekte\consoleapplication1\consoleapplication1\debug\rectangle.obj
d:\wms cardiff\übungsprojekte\consoleapplication1\consoleapplication1\debug\isosceles.obj
d:\wms cardiff\übungsprojekte\consoleapplication1\consoleapplication1\debug\inputoutput.obj
d:\wms cardiff\übungsprojekte\consoleapplication1\consoleapplication1\debug\equilateraltriangle.obj
d:\wms cardiff\übungsprojekte\consoleapplication1\consoleapplication1\debug\cricle.obj
d:\wms cardiff\übungsprojekte\consoleapplication1\consoleapplication1\debug\consoleapplication1.obj
d:\wms cardiff\übungsprojekte\consoleapplication1\debug\consoleapplication1.pdb
d:\wms cardiff\übungsprojekte\consoleapplication1\consoleapplication1\debug\consolea.4038f529.tlog\cl.command.1.tlog
d:\wms cardiff\übungsprojekte\consoleapplication1\consoleapplication1\debug\consolea.4038f529.tlog\cl.read.1.tlog
d:\wms cardiff\übungsprojekte\consoleapplication1\consoleapplication1\debug\consolea.4038f529.tlog\cl.write.1.tlog
d:\wms cardiff\übungsprojekte\consoleapplication1\consoleapplication1\debug\consolea.4038f529.tlog\link-cvtres.read.1.tlog
d:\wms cardiff\übungsprojekte\consoleapplication1\consoleapplication1\debug\consolea.4038f529.tlog\link-cvtres.write.1.tlog
d:\wms cardiff\übungsprojekte\consoleapplication1\consoleapplication1\debug\consolea.4038f529.tlog\link-rc.read.1.tlog
d:\wms cardiff\übungsprojekte\consoleapplication1\consoleapplication1\debug\consolea.4038f529.tlog\link-rc.write.1.tlog
d:\wms cardiff\übungsprojekte\consoleapplication1\consoleapplication1\debug\consolea.4038f529.tlog\link.11160-cvtres.read.1.tlog
d:\wms cardiff\übungsprojekte\consoleapplication1\consoleapplication1\debug\consolea.4038f529.tlog\link.11160-cvtres.write.1.tlog
d:\wms cardiff\übungsprojekte\consoleapplication1\consoleapplication1\debug\consolea.4038f529.tlog\link.11160-rc.read.1.tlog
d:\wms cardiff\übungsprojekte\consoleapplication1\consoleapplication1\debug\consolea.4038f529.tlog\link.11160-rc.write.1.tlog
d:\wms cardiff\übungsprojekte\consoleapplication1\consoleapplication1\debug\consolea.4038f529.tlog\link.11160.read.1.tlog
d:\wms cardiff\übungsprojekte\consoleapplication1\consoleapplication1\debug\consolea.4038f529.tlog\link.11160.write.1.tlog
d:\wms cardiff\übungsprojekte\consoleapplication1\consoleapplication1\debug\consolea.4038f529.tlog\link.command.1.tlog
d:\wms cardiff\übungsprojekte\consoleapplication1\consoleapplication1\debug\consolea.4038f529.tlog\link.read.1.tlog
d:\wms cardiff\übungsprojekte\consoleapplication1\consoleapplication1\debug\consolea.4038f529.tlog\link.write.1.tlog
